<?xml version="1.0" encoding="UTF-8"?>
<!-- Generated by org.testng.reporters.JUnitReportReporter -->
<testsuite hostname="WIN-01603091500" name="com.qishon.isw.apitest.GetCartListTest" tests="1" failures="0" timestamp="26 Apr 2016 07:58:02 GMT" time="0.033" errors="1">
  <testcase name="getDestnationTest" time="0.033" classname="com.qishon.isw.apitest.GetCartListTest">
    <error type="java.lang.IllegalArgumentException" message="Data value must not be null">
      <![CDATA[java.lang.IllegalArgumentException: Data value must not be null
	at org.jsoup.helper.Validate.notNull(Validate.java:26)
	at org.jsoup.helper.HttpConnection$KeyVal.value(HttpConnection.java:891)
	at org.jsoup.helper.HttpConnection$KeyVal.create(HttpConnection.java:871)
	at org.jsoup.helper.HttpConnection.data(HttpConnection.java:131)
	at com.qishon.isw.api.GetCartList.getCartList(GetCartList.java:37)
	at com.qishon.isw.apitest.GetCartListTest.getDestnationTest(GetCartListTest.java:59)
	at sun.reflect.NativeMethodAccessorImpl.invoke0(Native Method)
	at sun.reflect.NativeMethodAccessorImpl.invoke(Unknown Source)
	at sun.reflect.DelegatingMethodAccessorImpl.invoke(Unknown Source)
	at java.lang.reflect.Method.invoke(Unknown Source)
	at org.testng.internal.MethodInvocationHelper.invokeMethod(MethodInvocationHelper.java:86)
	at org.testng.internal.Invoker.invokeMethod(Invoker.java:645)
	at org.testng.internal.Invoker.invokeTestMethod(Invoker.java:822)
	at org.testng.internal.Invoker.invokeTestMethods(Invoker.java:1130)
	at org.testng.internal.TestMethodWorker.invokeTestMethods(TestMethodWorker.java:129)
	at org.testng.internal.TestMethodWorker.run(TestMethodWorker.java:112)
	at org.testng.TestRunner.privateRun(TestRunner.java:782)
	at org.testng.TestRunner.run(TestRunner.java:632)
	at org.testng.SuiteRunner.runTest(SuiteRunner.java:366)
	at org.testng.SuiteRunner.runSequentially(SuiteRunner.java:361)
	at org.testng.SuiteRunner.privateRun(SuiteRunner.java:319)
	at org.testng.SuiteRunner.run(SuiteRunner.java:268)
	at org.testng.SuiteRunnerWorker.runSuite(SuiteRunnerWorker.java:52)
	at org.testng.SuiteRunnerWorker.run(SuiteRunnerWorker.java:86)
	at org.testng.TestNG.runSuitesSequentially(TestNG.java:1244)
	at org.testng.TestNG.runSuitesLocally(TestNG.java:1169)
	at org.testng.TestNG.run(TestNG.java:1064)
	at org.testng.remote.RemoteTestNG.run(RemoteTestNG.java:113)
	at org.testng.remote.RemoteTestNG.initAndRun(RemoteTestNG.java:206)
	at org.testng.remote.RemoteTestNG.main(RemoteTestNG.java:177)
]]>
    </error>
  </testcase> <!-- getDestnationTest -->
</testsuite> <!-- com.qishon.isw.apitest.GetCartListTest -->
